<?xml version="1.0" encoding="UTF-8"?>
<!-- Generated by org.testng.reporters.JUnitXMLReporter -->
<testsuite ignored="0" hostname="DESKTOP-15C49AD" failures="0" tests="3" name="Regression Test" time="10.654" errors="0" timestamp="2021-12-02T13:38:44 EET">
  <testcase classname="tests.UserRegisterationUsingDDTAndFakerTest" name="userRegisteredSuccessfully" time="4.626"/>
  <testcase classname="tests.UserRegisterationUsingDDTAndFakerTest" name="userRegisterLogout" time="3.612"/>
  <testcase classname="tests.UserRegisterationUsingDDTAndFakerTest" name="userRegisterLogin" time="2.216"/>
</testsuite> <!-- Regression Test -->
